c:\hobby\thesis\primates\ape120_bitsliced\x64\release\vc140.pdb
c:\hobby\thesis\primates\ape120_bitsliced\x64\release\test.obj
c:\hobby\thesis\primates\ape120_bitsliced\x64\release\primates.obj
c:\hobby\thesis\primates\ape120_bitsliced\x64\release\encrypt.obj
c:\hobby\thesis\primates\ape120_bitsliced\x64\release\debug.obj
c:\hobby\thesis\primates\ape120_bitsliced\x64\release\ape120_bitsliced.exe
c:\hobby\thesis\primates\ape120_bitsliced\x64\release\ape120_bitsliced.ipdb
c:\hobby\thesis\primates\ape120_bitsliced\x64\release\ape120_bitsliced.iobj
c:\hobby\thesis\primates\ape120_bitsliced\x64\release\ape120_bitsliced.pdb
c:\hobby\thesis\primates\ape120_bitsliced\x64\release\ape120_ref_impl.ipdb
c:\hobby\thesis\primates\ape120_bitsliced\x64\release\gibbon120.ipdb
c:\hobby\thesis\primates\ape120_bitsliced\x64\release\gibbon120_ref_impl.ipdb
c:\hobby\thesis\primates\ape120_bitsliced\x64\release\hanuman120.ipdb
c:\hobby\thesis\primates\ape120_bitsliced\x64\release\hanuman120_ref_impl.ipdb
c:\hobby\thesis\primates\ape120_bitsliced\x64\release\ape120_ref_impl.iobj
c:\hobby\thesis\primates\ape120_bitsliced\x64\release\gibbon120.iobj
c:\hobby\thesis\primates\ape120_bitsliced\x64\release\gibbon120_ref_impl.iobj
c:\hobby\thesis\primates\ape120_bitsliced\x64\release\hanuman120.iobj
c:\hobby\thesis\primates\ape120_bitsliced\x64\release\hanuman120_ref_impl.iobj
c:\hobby\thesis\primates\ape120_bitsliced\x64\release\ape120_ref_impl.pdb
c:\hobby\thesis\primates\ape120_bitsliced\x64\release\gibbon120.pdb
c:\hobby\thesis\primates\ape120_bitsliced\x64\release\gibbon120_ref_impl.pdb
c:\hobby\thesis\primates\ape120_bitsliced\x64\release\hanuman120.pdb
c:\hobby\thesis\primates\ape120_bitsliced\x64\release\hanuman120_ref_impl.pdb
c:\hobby\thesis\primates\ape120_bitsliced\x64\release\ape120_bitsliced.tlog\cl.command.1.tlog
c:\hobby\thesis\primates\ape120_bitsliced\x64\release\ape120_bitsliced.tlog\cl.read.1.tlog
c:\hobby\thesis\primates\ape120_bitsliced\x64\release\ape120_bitsliced.tlog\cl.write.1.tlog
c:\hobby\thesis\primates\ape120_bitsliced\x64\release\ape120_bitsliced.tlog\link.command.1.tlog
c:\hobby\thesis\primates\ape120_bitsliced\x64\release\ape120_bitsliced.tlog\link.read.1.tlog
c:\hobby\thesis\primates\ape120_bitsliced\x64\release\ape120_bitsliced.tlog\link.write.1.tlog
