cl : Command line warning D9002: ignoring unknown option '-g'
  Debug.c
Debug.c(6): warning C4013: 'printf' undefined; assuming extern returning int
  Encrypt.c
Encrypt.c(40): warning C4090: 'function': different 'const' qualifiers
Encrypt.c(51): warning C4090: 'function': different 'const' qualifiers
Encrypt.c(68): warning C4028: formal parameter 3 different from declaration
Encrypt.c(68): warning C4028: formal parameter 5 different from declaration
Encrypt.c(82): warning C4090: 'function': different 'const' qualifiers
Encrypt.c(134): warning C4028: formal parameter 5 different from declaration
Encrypt.c(159): warning C4090: 'function': different 'const' qualifiers
Encrypt.c(160): warning C4090: 'function': different 'const' qualifiers
Encrypt.c(161): warning C4090: 'function': different 'const' qualifiers
Encrypt.c(162): warning C4090: 'function': different 'const' qualifiers
Encrypt.c(163): warning C4090: 'function': different 'const' qualifiers
Encrypt.c(239): warning C4090: 'function': different 'const' qualifiers
Encrypt.c(275): warning C4244: 'initializing': conversion from 'u64' to 'int', possible loss of data
  Primate.c
Primate.c(4): warning C4305: 'initializing': truncation from 'unsigned int' to 'char'
Primate.c(274): warning C4013: 'printf' undefined; assuming extern returning int
  Ref.c
  Generating code
c:\hobby\thesis\primates\gibbon120\encrypt.c(153): warning C4752: found Intel(R) Advanced Vector Extensions; consider using /arch:AVX
c:\hobby\thesis\primates\gibbon120\encrypt.c(86): warning C4752: found Intel(R) Advanced Vector Extensions; consider using /arch:AVX
  All 19 functions were compiled because no usable IPDB/IOBJ from previous compilation was found.
  Finished generating code
  Gibbon120.vcxproj -> C:\Hobby\Thesis\Primates\APE120_Bitsliced\x64\Release\Gibbon120.exe
  Gibbon120.vcxproj -> C:\Hobby\Thesis\Primates\APE120_Bitsliced\x64\Release\Gibbon120.pdb (Full PDB)
